d:\p4\personal\sd\libra\temporary\engine_x64_debug\engine.pdb
d:\p4\personal\sd\libra\temporary\engine_x64_debug\engine.idb
d:\p4\personal\sd\engine\code\engine\x64\debug\intvec2.obj
d:\p4\personal\sd\engine\code\engine\x64\debug\intrange.obj
d:\p4\personal\sd\engine\code\engine\x64\debug\floatrange.obj
d:\p4\personal\sd\engine\code\engine\x64\debug\aabb2.obj
d:\p4\personal\sd\engine\code\engine\x64\debug\xboxcontroller.obj
d:\p4\personal\sd\engine\code\engine\x64\debug\keybuttonstate.obj
d:\p4\personal\sd\engine\code\engine\x64\debug\inputsystem.obj
d:\p4\personal\sd\engine\code\engine\x64\debug\analogjoystick.obj
d:\p4\personal\sd\engine\code\engine\x64\debug\xmlutils.obj
d:\p4\personal\sd\engine\code\engine\x64\debug\vertex_pcu.obj
d:\p4\personal\sd\engine\code\engine\x64\debug\vertexutils.obj
d:\p4\personal\sd\engine\code\engine\x64\debug\tileheatmap.obj
d:\p4\personal\sd\engine\code\engine\x64\debug\stringutils.obj
d:\p4\personal\sd\engine\code\engine\x64\debug\rgba8.obj
d:\p4\personal\sd\engine\code\engine\x64\debug\namedstrings.obj
d:\p4\personal\sd\engine\code\engine\x64\debug\image.obj
d:\p4\personal\sd\engine\code\engine\x64\debug\eventsystem.obj
d:\p4\personal\sd\engine\code\engine\x64\debug\errorwarningassert.obj
d:\p4\personal\sd\engine\code\engine\x64\debug\enginecommon.obj
d:\p4\personal\sd\engine\code\engine\x64\debug\audiosystem.obj
d:\p4\personal\sd\engine\code\engine\x64\debug\window.obj
d:\p4\personal\sd\engine\code\engine\x64\debug\tinyxml2.obj
d:\p4\personal\sd\engine\code\engine\x64\debug\texture.obj
d:\p4\personal\sd\engine\code\engine\x64\debug\spritesheet.obj
d:\p4\personal\sd\engine\code\engine\x64\debug\spritedefinition.obj
d:\p4\personal\sd\engine\code\engine\x64\debug\spriteanimdefinition.obj
d:\p4\personal\sd\engine\code\engine\x64\debug\renderer.obj
d:\p4\personal\sd\engine\code\engine\x64\debug\camera.obj
d:\p4\personal\sd\engine\code\engine\x64\debug\bitmapfont.obj
d:\p4\personal\sd\engine\code\engine\x64\debug\vec4.obj
d:\p4\personal\sd\engine\code\engine\x64\debug\vec3.obj
d:\p4\personal\sd\engine\code\engine\x64\debug\vec2.obj
d:\p4\personal\sd\engine\code\engine\x64\debug\randomnumbergenerator.obj
d:\p4\personal\sd\engine\code\engine\x64\debug\obb2d.obj
d:\p4\personal\sd\engine\code\engine\x64\debug\mathutils.obj
d:\p4\personal\sd\engine\code\engine\x64\debug\mat44.obj
d:\p4\personal\sd\libra\temporary\engine_x64_debug\engine.lib
d:\p4\personal\sd\engine\code\engine\x64\debug\engine.tlog\cl.command.1.tlog
d:\p4\personal\sd\engine\code\engine\x64\debug\engine.tlog\cl.read.1.tlog
d:\p4\personal\sd\engine\code\engine\x64\debug\engine.tlog\cl.write.1.tlog
d:\p4\personal\sd\engine\code\engine\x64\debug\engine.tlog\lib-link.read.1.tlog
d:\p4\personal\sd\engine\code\engine\x64\debug\engine.tlog\lib-link.write.1.tlog
d:\p4\personal\sd\engine\code\engine\x64\debug\engine.tlog\lib.command.1.tlog
