d:\p4\personal\sd\libra\temporary\engine_x64_release\engine.pdb
d:\p4\personal\sd\engine\code\engine\x64\release\intvec2.obj
d:\p4\personal\sd\engine\code\engine\x64\release\intrange.obj
d:\p4\personal\sd\engine\code\engine\x64\release\floatrange.obj
d:\p4\personal\sd\engine\code\engine\x64\release\aabb2.obj
d:\p4\personal\sd\engine\code\engine\x64\release\xboxcontroller.obj
d:\p4\personal\sd\engine\code\engine\x64\release\keybuttonstate.obj
d:\p4\personal\sd\engine\code\engine\x64\release\inputsystem.obj
d:\p4\personal\sd\engine\code\engine\x64\release\analogjoystick.obj
d:\p4\personal\sd\engine\code\engine\x64\release\xmlutils.obj
d:\p4\personal\sd\engine\code\engine\x64\release\vertex_pcu.obj
d:\p4\personal\sd\engine\code\engine\x64\release\vertexutils.obj
d:\p4\personal\sd\engine\code\engine\x64\release\tileheatmap.obj
d:\p4\personal\sd\engine\code\engine\x64\release\stringutils.obj
d:\p4\personal\sd\engine\code\engine\x64\release\rgba8.obj
d:\p4\personal\sd\engine\code\engine\x64\release\namedstrings.obj
d:\p4\personal\sd\engine\code\engine\x64\release\image.obj
d:\p4\personal\sd\engine\code\engine\x64\release\eventsystem.obj
d:\p4\personal\sd\engine\code\engine\x64\release\errorwarningassert.obj
d:\p4\personal\sd\engine\code\engine\x64\release\enginecommon.obj
d:\p4\personal\sd\engine\code\engine\x64\release\audiosystem.obj
d:\p4\personal\sd\engine\code\engine\x64\release\window.obj
d:\p4\personal\sd\engine\code\engine\x64\release\tinyxml2.obj
d:\p4\personal\sd\engine\code\engine\x64\release\texture.obj
d:\p4\personal\sd\engine\code\engine\x64\release\spritesheet.obj
d:\p4\personal\sd\engine\code\engine\x64\release\spritedefinition.obj
d:\p4\personal\sd\engine\code\engine\x64\release\spriteanimdefinition.obj
d:\p4\personal\sd\engine\code\engine\x64\release\renderer.obj
d:\p4\personal\sd\engine\code\engine\x64\release\camera.obj
d:\p4\personal\sd\engine\code\engine\x64\release\bitmapfont.obj
d:\p4\personal\sd\engine\code\engine\x64\release\vec4.obj
d:\p4\personal\sd\engine\code\engine\x64\release\vec3.obj
d:\p4\personal\sd\engine\code\engine\x64\release\vec2.obj
d:\p4\personal\sd\engine\code\engine\x64\release\randomnumbergenerator.obj
d:\p4\personal\sd\engine\code\engine\x64\release\obb2d.obj
d:\p4\personal\sd\engine\code\engine\x64\release\mathutils.obj
d:\p4\personal\sd\engine\code\engine\x64\release\mat44.obj
d:\p4\personal\sd\mathunittests\temporary\engine_x64_release\engine.pdb
d:\p4\personal\sd\mathunittests\temporary\engine_x64_release\engine.lib
d:\p4\personal\sd\engine\code\engine\x64\release\engine.tlog\cl.command.1.tlog
d:\p4\personal\sd\engine\code\engine\x64\release\engine.tlog\cl.read.1.tlog
d:\p4\personal\sd\engine\code\engine\x64\release\engine.tlog\cl.write.1.tlog
d:\p4\personal\sd\engine\code\engine\x64\release\engine.tlog\lib-link.read.1.tlog
d:\p4\personal\sd\engine\code\engine\x64\release\engine.tlog\lib-link.write.1.tlog
d:\p4\personal\sd\engine\code\engine\x64\release\engine.tlog\lib.command.1.tlog
