90 [37436] INFO perfrun.launcher <> - Launcher main begin
97 [37436] INFO perfrun.launcher <> - MessageCatalogInit finished
97 [37436] INFO perfrun.launcher <> - Launcher instance created
97 [37436] INFO perfrun.launcher <> - argc = 7; cmdline = C:\Program Files (x86)\Intel\oneAPI\vtune\2023.0.0\bin64\amplxe-runss.exe --ui-output-format xml --ui-output-fd 1164 --option-file D:\p4\Personal\SD\Doomenstein\Code\Game\VTune Profiler Results\Doomenstein\r000ps\config\runss.options 
119 [37436] INFO perfrun.launcher <> - New signal handler callback was added
177 [37436] INFO perfrun.launcher <> - create msngr2::ICliToolContext
177 [37436] INFO perfrun.launcher <> - create file finder object
203 [37436] INFO perfrun.launcher <> - create a result directory: pattern = D:\p4\Personal\SD\Doomenstein\Code\Game\VTune Profiler Results\Doomenstein\r000ps pid = 4294967295
207 [37436] INFO perfrun.launcher <> - create data directory = D:\p4\Personal\SD\Doomenstein\Code\Game\VTune Profiler Results\Doomenstein\r000ps\data.0
207 [37436] INFO perfrun.launcher <> - Creating the master collection flag
216 [37436] INFO perfrun.launcher <> - Done creating the master collection flag
217 [35432] INFO perfrun.launcher <> - plugin [remoteplug] was disabled because it doesn't support the given collection type.
217 [35432] INFO perfrun.sdk <> - Allocating TMU :D:\p4\Personal\SD\Doomenstein\Code\Game\VTune Profiler Results\Doomenstein\r000ps\data.0\systemcollector-22260-OakkarWin.sc
217 [35432] INFO perfrun.launcher <> - plugin [] was disabled because it doesn't support the given collection type.
220 [35432] INFO perfrun.launcher <> - plugin [] was disabled because it doesn't support the given collection type.
220 [35432] INFO perfrun.launcher <> - plugin [gpu] was disabled because it doesn't support the given collection type.
220 [35432] INFO perfrun.launcher <> - plugin [etw.kernel] was disabled because it doesn't support the given collection type.
220 [35432] INFO perfrun.launcher <> - plugin [etw.dx] was disabled because it doesn't support the given collection type.
220 [35432] INFO perfrun.launcher <> - plugin [etw.wsa] was disabled because it doesn't support the given collection type.
220 [35432] INFO perfrun.mrte <> - system-wide mode is 0
220 [35432] INFO perfrun.mrte <> - Getting  mrte profiling environment ...
317 [35432] INFO perfrun.mrte <> - INTEL_MRTE_DATA_DIR=D:\p4\Personal\SD\Doomenstein\Code\Game\VTune Profiler Results\Doomenstein\r000ps\data.0
317 [35432] INFO perfrun.mrte <> - INTEL_MRTE_HOST_NAME=OakkarWin
317 [35432] INFO perfrun.mrte <> - JAVA_TOOL_OPTIONS=-agentlib:amplxe_tpssmrte_javaprof_1.0
317 [35432] INFO perfrun.mrte <> - PATH=C:\Program Files (x86)\Intel\oneAPI\vtune\2023.0.0\bin32\runtime;C:\Program Files (x86)\Intel\oneAPI\vtune\2023.0.0\bin64\runtime;C:\Windows\system32;C:\Windows;C:\Windows\System32\Wbem;C:\Windows\System32\WindowsPowerShell\v1.0\;C:\Windows\System32\OpenSSH\;C:\WINDOWS\system32;C:\WINDOWS;C:\WINDOWS\System32\Wbem;C:\WINDOWS\System32\WindowsPowerShell\v1.0\;C:\WINDOWS\System32\OpenSSH\;C:\Program Files\Perforce\;C:\Program Files\Microsoft SQL Server\120\Tools\Binn\;C:\Program Files (x86)\NVIDIA Corporation\PhysX\Common;C:\Users\Oakkar Win\AppData\Local\Microsoft\WindowsApps;;C:\Users\Oakkar Win\AppData\Local\Programs\Microsoft VS Code\bin
317 [35432] INFO perfrun.mrte <> - COR_ENABLE_PROFILING=1
317 [35432] INFO perfrun.mrte <> - COR_PROFILER={AA5E4821-E3B1-479c-B7FF-5AD047D22CED}
317 [35432] INFO perfrun.mrte <> - COMPLUS_ProfAPI_ProfilerCompatibilitySetting=EnableV2Profiler
317 [35432] INFO perfrun.mrte <> - CORECLR_ENABLE_PROFILING=1
317 [35432] INFO perfrun.mrte <> - CORECLR_PROFILER={AA5E4821-E3B1-479c-B7FF-5AD047D22CED}
317 [35432] INFO perfrun.mrte <> - CORECLR_PROFILER_PATH=C:\Program Files (x86)\Intel\oneAPI\vtune\2023.0.0\bin64/amplxe_samplingmrte_clrprof_1.0.dll
317 [35432] INFO perfrun.mrte <> - INTEL_MRTE_PROFILER_MODE=mixed
317 [35432] INFO perfrun.mrte <> - Data directory: D:\p4\Personal\SD\Doomenstein\Code\Game\VTune Profiler Results\Doomenstein\r000ps\data.0
317 [35432] INFO perfrun.mrte <> - Mrte plugin is initialized
317 [35432] INFO perfrun.launcher <> - plugin [emon] was disabled because it doesn't support the given collection type.
318 [35432] INFO perfrun.launcher <> - plugin [cuscol] was disabled because it doesn't support the given collection type.
318 [35432] INFO perfrun.launcher <> - plugin [stdsrc] was disabled because it doesn't support the given collection type.
318 [35432] INFO perfrun.launcher <> - plugin [sep] was disabled because it doesn't support the given collection type.
318 [35432] INFO perfrun.launcher <> - plugin [vtsspp] was disabled because it doesn't support the given collection type.
318 [35432] INFO perfrun.launcher <> - plugin [] was disabled because it doesn't support the given collection type.
318 [35432] INFO perfrun.launcher <> - plugin [aoclprofile] was disabled because it doesn't support the given collection type.
318 [35432] INFO perfrun.tpss <> - initialize tpss controller
318 [35432] INFO perfrun.tpss <> - configure collection mode: value = cpu:counters:nostack
318 [35432] INFO perfrun.tpss <> - configure collection mode: value = cpu:nostack
318 [35432] INFO perfrun.tpss <> - default obj-size-min=1024
318 [35432] INFO perfrun.tpss <> - default hash-table-size=0
318 [35432] INFO perfrun.launcher <> - plugin [] was disabled because it doesn't support the given collection type.
318 [35432] INFO perfrun.launcher <> - plugin [] was disabled because it doesn't support the given collection type.
318 [35432] INFO perfrun.launcher <> - plugin [] was disabled because it doesn't support the given collection type.
318 [35432] INFO perfrun.launcher <> - plugin [] was disabled because it doesn't support the given collection type.
318 [35432] INFO perfrun.launcher <> - plugin [power] was disabled because it doesn't support the given collection type.
318 [35432] INFO perfrun.launcher <> - plugin [hwloc] was disabled because it doesn't support the given collection type.
318 [35432] INFO perfrun.launcher <> - plugin [ipmwatch] was disabled because it doesn't support the given collection type.
318 [35432] INFO perfrun.launcher <> - plugin [os_counters] was disabled because it doesn't support the given collection type.
318 [35432] INFO perfrun.launcher <> - plugin [l0_metrics] was disabled because it doesn't support the given collection type.
319 [37436] INFO perfrun.launcher <> - set environment variable: PATH = C:\Program Files (x86)\Intel\oneAPI\vtune\2023.0.0\bin32\runtime;C:\Program Files (x86)\Intel\oneAPI\vtune\2023.0.0\bin64\runtime;C:\Windows\system32;C:\Windows;C:\Windows\System32\Wbem;C:\Windows\System32\WindowsPowerShell\v1.0\;C:\Windows\System32\OpenSSH\;C:\WINDOWS\system32;C:\WINDOWS;C:\WINDOWS\System32\Wbem;C:\WINDOWS\System32\WindowsPowerShell\v1.0\;C:\WINDOWS\System32\OpenSSH\;C:\Program Files\Perforce\;C:\Program Files\Microsoft SQL Server\120\Tools\Binn\;C:\Program Files (x86)\NVIDIA Corporation\PhysX\Common;C:\Users\Oakkar Win\AppData\Local\Microsoft\WindowsApps;;C:\Users\Oakkar Win\AppData\Local\Programs\Microsoft VS Code\bin
319 [37436] INFO perfrun.launcher <> - set environment variable: INTEL_LIBITTNOTIFY32 = C:\Program Files (x86)\Intel\oneAPI\vtune\2023.0.0\bin32\runtime\ittnotify_collector.dll
319 [37436] INFO perfrun.launcher <> - set environment variable: INTEL_LIBITTNOTIFY64 = C:\Program Files (x86)\Intel\oneAPI\vtune\2023.0.0\bin64\runtime\ittnotify_collector.dll
319 [37436] INFO perfrun.launcher <> - set environment variable: INTEL_ITTNOTIFY_GROUPS = 
319 [37436] INFO perfrun.launcher <> - set environment variable: INTEL_JIT_PROFILER32 = C:\Program Files (x86)\Intel\oneAPI\vtune\2023.0.0\bin32\runtime\ittnotify_collector.dll
319 [37436] INFO perfrun.launcher <> - set environment variable: INTEL_JIT_PROFILER64 = C:\Program Files (x86)\Intel\oneAPI\vtune\2023.0.0\bin64\runtime\ittnotify_collector.dll
319 [37436] INFO perfrun.launcher <> - set environment variable: OMP_TOOL_LIBRARIES = C:\Program Files (x86)\Intel\oneAPI\vtune\2023.0.0\bin32\runtime\ittnotify_collector.dll;C:\Program Files (x86)\Intel\oneAPI\vtune\2023.0.0\bin64\runtime\ittnotify_collector.dll
319 [37436] INFO perfrun.launcher <> - set environment variable: ENABLE_JITPROFILING = 1
319 [37436] INFO perfrun.launcher <> - set environment variable: CL_CONFIG_USE_VTUNE = True
320 [37436] INFO perfrun.launcher <> - set environment variable: KMP_FORKJOIN_FRAMES = 0
320 [37436] INFO perfrun.launcher <> - set environment variable: KMP_FORKJOIN_FRAMES_MODE = 0
320 [37436] INFO perfrun.launcher <> - set environment variable: OMP_TOOL = disabled
320 [37436] INFO perfrun.launcher <> - set environment variable: INTEL_MRTE_DATA_DIR = D:\p4\Personal\SD\Doomenstein\Code\Game\VTune Profiler Results\Doomenstein\r000ps\data.0
320 [37436] INFO perfrun.launcher <> - set environment variable: INTEL_MRTE_HOST_NAME = OakkarWin
320 [37436] INFO perfrun.launcher <> - set environment variable: JAVA_TOOL_OPTIONS = -agentlib:amplxe_tpssmrte_javaprof_1.0
320 [37436] INFO perfrun.launcher <> - set environment variable: PATH = C:\Program Files (x86)\Intel\oneAPI\vtune\2023.0.0\bin32\runtime;C:\Program Files (x86)\Intel\oneAPI\vtune\2023.0.0\bin64\runtime;C:\Windows\system32;C:\Windows;C:\Windows\System32\Wbem;C:\Windows\System32\WindowsPowerShell\v1.0\;C:\Windows\System32\OpenSSH\;C:\WINDOWS\system32;C:\WINDOWS;C:\WINDOWS\System32\Wbem;C:\WINDOWS\System32\WindowsPowerShell\v1.0\;C:\WINDOWS\System32\OpenSSH\;C:\Program Files\Perforce\;C:\Program Files\Microsoft SQL Server\120\Tools\Binn\;C:\Program Files (x86)\NVIDIA Corporation\PhysX\Common;C:\Users\Oakkar Win\AppData\Local\Microsoft\WindowsApps;;C:\Users\Oakkar Win\AppData\Local\Programs\Microsoft VS Code\bin
320 [37436] INFO perfrun.launcher <> - set environment variable: COR_ENABLE_PROFILING = 1
320 [37436] INFO perfrun.launcher <> - set environment variable: COR_PROFILER = {AA5E4821-E3B1-479c-B7FF-5AD047D22CED}
320 [37436] INFO perfrun.launcher <> - set environment variable: COMPLUS_ProfAPI_ProfilerCompatibilitySetting = EnableV2Profiler
320 [37436] INFO perfrun.launcher <> - set environment variable: CORECLR_ENABLE_PROFILING = 1
321 [37436] INFO perfrun.launcher <> - set environment variable: CORECLR_PROFILER = {AA5E4821-E3B1-479c-B7FF-5AD047D22CED}
321 [37436] INFO perfrun.launcher <> - set environment variable: CORECLR_PROFILER_PATH = C:\Program Files (x86)\Intel\oneAPI\vtune\2023.0.0\bin64/amplxe_samplingmrte_clrprof_1.0.dll
321 [37436] INFO perfrun.launcher <> - set environment variable: INTEL_MRTE_PROFILER_MODE = mixed
321 [37436] INFO perfrun.launcher <> - RpcServer: run RPC server to handle requests
327 [37436] INFO perfrun.sdk <> - IProcessUtil: the given executable 'Doomenstein_Debug_x64.exe' is valid.
327 [37436] INFO perfrun.launcher <> - Launcher: command line to start before modification = Doomenstein_Debug_x64.exe
330 [37436] INFO perfrun.launcher <> - Launcher: command line to start after modification = C:\Program Files (x86)\Intel\oneAPI\vtune\2023.0.0\bin64\pin.exe -error_file D:\p4\Personal\SD\Doomenstein\Code\Game\VTune Profiler Results\Doomenstein\r000ps\data.0\pinerr.tpsslog -detach_reattach -probe -follow_execv -p32 C:\Program Files (x86)\Intel\oneAPI\vtune\2023.0.0\bin32\pin.exe -p64 C:\Program Files (x86)\Intel\oneAPI\vtune\2023.0.0\bin64\pin.exe -t64 C:\Program Files (x86)\Intel\oneAPI\vtune\2023.0.0\bin64\tpsstool.dll -t C:\Program Files (x86)\Intel\oneAPI\vtune\2023.0.0\bin32\tpsstool.dll -server_name tpss_ipc.22260 -prd_dir C:\Program Files (x86)\Intel\oneAPI\vtune\2023.0.0 -- Doomenstein_Debug_x64.exe
330 [37436] INFO perfrun.launcher <> - ProcessCreator object was created
384 [37436] INFO perfrun.launcher <> - Launcher: the process was started in suspend mode
385 [35432] INFO perfrun.itt <> - start itt controller for pid #764
387 [35432] INFO perfrun.tpss <> - start tpss controller for pid #764
450 [37436] INFO perfrun.launcher <> - Launcher: all plugins were started
450 [37436] INFO perfrun.launcher <> - DirectoryMonitor object was created
450 [37436] INFO perfrun.launcher <> - DirectoryMonitor: a callback was added
450 [37436] INFO perfrun.launcher <> - DirectoryMonitor was started with pingTime = 1000
450 [37436] INFO perfrun.launcher <> - DeadlineTimer is going to be constructed
450 [37436] INFO perfrun.launcher <> - DeadlineTimer: a callback was added
459 [37436] INFO perfrun.launcher <> - Launcher: resume the profiled application and  wait its termination or stop command
28028 [37436] INFO perfrun.launcher <> - Launcher: the profiled application was terminated  with exit code = 0
28060 [35432] INFO perfrun.itt <> - detach itt controller
28061 [35432] INFO perfrun.itt <> - detach itt controller done
28061 [35432] INFO perfrun.tpss <> - stop tpss controller
28062 [35432] INFO perfrun.sdk <> - De-allocating TMU: D:\p4\Personal\SD\Doomenstein\Code\Game\VTune Profiler Results\Doomenstein\r000ps\data.0\systemcollector-22260-OakkarWin.sc
28073 [35432] INFO perfrun.system <> - closed the system trace file: D:\p4\Personal\SD\Doomenstein\Code\Game\VTune Profiler Results\Doomenstein\r000ps\data.0\systemcollector-22260-OakkarWin.sc
28073 [37436] INFO perfrun.launcher <> - Launcher: all plugins were stopped.
28073 [37436] INFO perfrun.launcher <> - DeadlineTimer is going to be destroyed
28073 [37436] INFO perfrun.launcher <> - DeadlineTimer was destroyed
28074 [37436] INFO perfrun.launcher <> - DirectoryMonitor object was destroyed
28074 [37436] WARN perfrun.launcher <> - Stop command is ignored because it is received when collection is already stopped, at file: C:\BB\ANphep2w6r\b\tmp2iy5aj\vcs\perfrun1\launcher\src\command_handler.cpp:226
28075 [37436] INFO perfrun.launcher <> - Application exit code: 0
28075 [37436] INFO perfrun.launcher <> - Exit code: 0
